2018-03-09 16:29:45,790 INFO [com.leogao.any.common.CreateOrderNo] - begin load getMacAddress...
  2018-03-09 16:29:45,811 INFO [com.leogao.any.common.CreateOrderNo] - macAddress=96-15-E0-58-3C-25
  2018-03-09 16:30:52,676 INFO [com.leogao.any.common.HelloTest] - LOGGER 123
  2018-03-09 16:31:33,456 INFO [com.leogao.any.common.CreateOrderNo] - begin load getMacAddress...
  2018-04-16 19:21:12,104 INFO [com.leogao.common.utils.CheckIdCardTest] - CheckIdCard Logic Wrong!
  2018-04-16 19:21:12,111 INFO [com.leogao.common.utils.CheckIdCardTest] - CheckIdCard Logic Wrong!
  2018-04-16 19:22:18,247 INFO [com.leogao.common.utils.CheckIdCardTest] - CheckIdCard Logic Wrong!
  2018-04-16 19:23:46,291 INFO [com.leogao.common.utils.CheckIdCardTest] - CheckIdCard Logic Wrong!
  2018-04-16 19:24:05,862 INFO [com.leogao.common.utils.CheckIdCardTest] - CheckIdCard Logic Wrong!
  2018-04-16 19:24:14,677 INFO [com.leogao.common.utils.CheckIdCardTest] - CheckIdCard Logic Wrong!
  2018-04-16 19:28:04,472 INFO [com.leogao.common.utils.CheckIdCardTest] - CheckIdCard Logic Wrong!
  2018-04-16 19:28:04,474 INFO [com.leogao.common.utils.CheckIdCardTest] - CheckIdCard Logic Wrong!
  2018-04-16 19:29:26,599 INFO [com.leogao.common.utils.CheckIdCardTest] - CheckIdCard Logic Wrong!
  2018-04-16 19:29:26,602 INFO [com.leogao.common.utils.CheckIdCardTest] - CheckIdCard Logic Wrong!
  2018-04-16 19:29:26,603 INFO [com.leogao.common.utils.CheckIdCardTest] - CheckIdCard Logic Wrong!
  2018-04-16 19:30:45,520 INFO [com.leogao.common.utils.CheckIdCardTest] - CheckIdCard Logic Wrong!
  2018-04-16 19:30:45,522 INFO [com.leogao.common.utils.CheckIdCardTest] - CheckIdCard Logic Wrong!
  2018-04-16 19:30:45,523 INFO [com.leogao.common.utils.CheckIdCardTest] - CheckIdCard Logic Wrong!
  2018-04-16 19:30:45,524 INFO [com.leogao.common.utils.CheckIdCardTest] - CheckIdCard Logic Wrong!
  2018-04-16 19:30:45,524 INFO [com.leogao.common.utils.CheckIdCardTest] - CheckIdCard Logic Wrong!
  2018-04-16 19:30:45,524 INFO [com.leogao.common.utils.CheckIdCardTest] - CheckIdCard Logic Wrong!
  2018-04-16 19:30:45,525 INFO [com.leogao.common.utils.CheckIdCardTest] - CheckIdCard Logic Wrong!
  2018-04-16 19:30:45,525 INFO [com.leogao.common.utils.CheckIdCardTest] - CheckIdCard Logic Wrong!
  2018-04-16 19:33:00,837 INFO [com.leogao.common.utils.CheckIdCardTest] - CheckIdCard Logic Wrong!
  2018-04-16 19:33:00,840 INFO [com.leogao.common.utils.CheckIdCardTest] - CheckIdCard Logic Wrong!
  2018-04-16 19:33:00,840 INFO [com.leogao.common.utils.CheckIdCardTest] - CheckIdCard Logic Wrong!
  2018-04-16 19:33:00,841 INFO [com.leogao.common.utils.CheckIdCardTest] - CheckIdCard Logic Wrong!
  2018-04-16 19:33:00,841 INFO [com.leogao.common.utils.CheckIdCardTest] - CheckIdCard Logic Wrong!
  2018-04-16 19:33:00,842 INFO [com.leogao.common.utils.CheckIdCardTest] - CheckIdCard Logic Wrong!
  2018-04-16 19:33:00,843 INFO [com.leogao.common.utils.CheckIdCardTest] - CheckIdCard Logic Wrong!
  2018-04-16 19:33:00,843 INFO [com.leogao.common.utils.CheckIdCardTest] - CheckIdCard Logic Wrong!
  2018-04-16 19:35:57,052 INFO [com.leogao.common.utils.CheckIdCardTest] - CheckIdCard Logic Wrong!
  2018-04-16 19:35:57,056 INFO [com.leogao.common.utils.CheckIdCardTest] - CheckIdCard Logic Wrong!
  2018-04-16 19:35:57,056 INFO [com.leogao.common.utils.CheckIdCardTest] - CheckIdCard Logic Wrong!
  2018-04-16 19:35:57,057 INFO [com.leogao.common.utils.CheckIdCardTest] - CheckIdCard Logic Wrong!
  2018-04-16 19:35:57,057 INFO [com.leogao.common.utils.CheckIdCardTest] - CheckIdCard Logic Wrong!
  2018-04-16 19:35:57,058 INFO [com.leogao.common.utils.CheckIdCardTest] - CheckIdCard Logic Wrong!
  2018-04-16 19:35:57,058 INFO [com.leogao.common.utils.CheckIdCardTest] - CheckIdCard Logic Wrong!
  2018-04-16 19:35:57,059 INFO [com.leogao.common.utils.CheckIdCardTest] - CheckIdCard Logic Wrong!
  2018-04-16 19:35:57,060 INFO [com.leogao.common.utils.CheckIdCardTest] - CheckIdCard Logic Wrong!
  2018-04-16 19:36:25,841 INFO [com.leogao.common.utils.CheckIdCardTest] - CheckIdCard Logic Wrong!
  2018-04-16 19:36:25,843 INFO [com.leogao.common.utils.CheckIdCardTest] - CheckIdCard Logic Wrong!
  2018-04-16 19:36:25,844 INFO [com.leogao.common.utils.CheckIdCardTest] - CheckIdCard Logic Wrong!
  2018-04-16 19:36:25,844 INFO [com.leogao.common.utils.CheckIdCardTest] - CheckIdCard Logic Wrong!
  2018-04-16 19:36:25,845 INFO [com.leogao.common.utils.CheckIdCardTest] - CheckIdCard Logic Wrong!
  2018-04-16 19:36:25,845 INFO [com.leogao.common.utils.CheckIdCardTest] - CheckIdCard Logic Wrong!
  2018-04-16 19:36:25,846 INFO [com.leogao.common.utils.CheckIdCardTest] - CheckIdCard Logic Wrong!
  2018-04-16 19:36:25,846 INFO [com.leogao.common.utils.CheckIdCardTest] - CheckIdCard Logic Wrong!
  2018-04-16 19:36:25,848 INFO [com.leogao.common.utils.CheckIdCardTest] - CheckIdCard Logic Wrong!
  2018-04-16 19:36:25,848 INFO [com.leogao.common.utils.CheckIdCardTest] - CheckIdCard Logic Wrong!
  2018-04-16 19:36:25,849 INFO [com.leogao.common.utils.CheckIdCardTest] - CheckIdCard Logic Wrong!
  2018-04-16 19:37:02,187 INFO [com.leogao.common.utils.CheckIdCardTest] - CheckIdCard Logic Wrong!
  2018-04-16 19:37:02,189 INFO [com.leogao.common.utils.CheckIdCardTest] - CheckIdCard Logic Wrong!
  2018-04-16 19:37:02,190 INFO [com.leogao.common.utils.CheckIdCardTest] - CheckIdCard Logic Wrong!
  2018-04-16 19:37:02,190 INFO [com.leogao.common.utils.CheckIdCardTest] - CheckIdCard Logic Wrong!
  2018-04-16 19:37:02,192 INFO [com.leogao.common.utils.CheckIdCardTest] - CheckIdCard Logic Wrong!
  2018-04-16 19:37:02,192 INFO [com.leogao.common.utils.CheckIdCardTest] - CheckIdCard Logic Wrong!
  2018-04-16 19:37:02,193 INFO [com.leogao.common.utils.CheckIdCardTest] - CheckIdCard Logic Wrong!
  2018-04-16 19:37:02,193 INFO [com.leogao.common.utils.CheckIdCardTest] - CheckIdCard Logic Wrong!
  2018-04-16 19:37:02,194 INFO [com.leogao.common.utils.CheckIdCardTest] - CheckIdCard Logic Wrong!
  2018-04-16 19:37:02,194 INFO [com.leogao.common.utils.CheckIdCardTest] - CheckIdCard Logic Wrong!
  2018-04-16 19:44:48,292 INFO [com.leogao.common.utils.CheckIdCardTest] - CheckIdCard Logic Wrong!
  2018-04-16 19:44:48,295 INFO [com.leogao.common.utils.CheckIdCardTest] - CheckIdCard Logic Wrong!
  2018-04-16 19:44:48,295 INFO [com.leogao.common.utils.CheckIdCardTest] - CheckIdCard Logic Wrong!
  2018-04-16 19:44:48,296 INFO [com.leogao.common.utils.CheckIdCardTest] - CheckIdCard Logic Wrong!
  2018-04-16 19:44:48,297 INFO [com.leogao.common.utils.CheckIdCardTest] - CheckIdCard Logic Wrong!
  2018-04-16 19:44:48,297 INFO [com.leogao.common.utils.CheckIdCardTest] - CheckIdCard Logic Wrong!
  2018-04-16 19:44:48,298 INFO [com.leogao.common.utils.CheckIdCardTest] - CheckIdCard Logic Wrong!
  2018-04-16 19:44:48,299 INFO [com.leogao.common.utils.CheckIdCardTest] - CheckIdCard Logic Wrong!
  2018-04-16 19:44:48,299 INFO [com.leogao.common.utils.CheckIdCardTest] - CheckIdCard Logic Wrong!
  2018-04-16 19:50:09,143 INFO [com.leogao.common.utils.CheckIdCardTest] - CheckIdCard Logic Wrong!
  2018-04-16 19:50:09,145 INFO [com.leogao.common.utils.CheckIdCardTest] - CheckIdCard Logic Wrong!
  2018-04-16 19:50:09,145 INFO [com.leogao.common.utils.CheckIdCardTest] - CheckIdCard Logic Wrong!
  2018-04-16 19:50:09,146 INFO [com.leogao.common.utils.CheckIdCardTest] - CheckIdCard Logic Wrong!
  2018-04-16 19:50:09,147 INFO [com.leogao.common.utils.CheckIdCardTest] - CheckIdCard Logic Wrong!
  2018-04-16 19:50:09,147 INFO [com.leogao.common.utils.CheckIdCardTest] - CheckIdCard Logic Wrong!
  2018-04-16 19:50:09,147 INFO [com.leogao.common.utils.CheckIdCardTest] - CheckIdCard Logic Wrong!
  2018-04-16 19:50:09,148 INFO [com.leogao.common.utils.CheckIdCardTest] - CheckIdCard Logic Wrong!
  2018-04-16 19:50:09,148 INFO [com.leogao.common.utils.CheckIdCardTest] - CheckIdCard Logic Wrong!
  2018-04-16 19:50:09,148 INFO [com.leogao.common.utils.CheckIdCardTest] - CheckIdCard Logic Wrong!
  2018-04-17 11:54:56,192 INFO [com.leogao.any.common.HelloTest] - callMethod: 
  2018-04-23 17:15:24,199 INFO [com.leogao.any.common.HelloTest] - callMethod: 
  